1631711935729	geckodriver	INFO	Listening on 127.0.0.1:36547
1631711936693	mozrunner::runner	INFO	Running command: "/usr/bin/firefox" "--marionette" "-foreground" "-no-remote" "-profile" "/tmp/rust_mozprofileFc1MQ5"
[GFX1-]: glxtest: libpci missing
[GFX1-]: No GPUs detected via PCI
1631711946335	Marionette	INFO	Marionette enabled
console.warn: SearchSettings: "get: No settings file exists, new profile?" (new Error("", "(unknown module)"))

###!!! [Child][RunMessage] Error: Channel closing: too late to send/recv, messages will be lost

console.warn: SearchService: "_init: abandoning init due to shutting down"
JavaScript error: , line 0: uncaught exception: 2147500036
JavaScript error: , line 0: uncaught exception: 2147500036
JavaScript error: , line 0: uncaught exception: 2147500036
JavaScript error: , line 0: uncaught exception: 2147500036
JavaScript error: , line 0: uncaught exception: 2147500036
JavaScript error: , line 0: uncaught exception: 2147500036

###!!! [Parent][RunMessage] Error: Channel closing: too late to send/recv, messages will be lost

1631712057252	geckodriver	INFO	Listening on 127.0.0.1:42439
1631712057256	mozrunner::runner	INFO	Running command: "/usr/bin/firefox" "--marionette" "-foreground" "-no-remote" "-profile" "/tmp/rust_mozprofileLADBmz"
[GFX1-]: glxtest: libpci missing
[GFX1-]: No GPUs detected via PCI
1631712058849	Marionette	INFO	Marionette enabled
console.warn: SearchSettings: "get: No settings file exists, new profile?" (new Error("", "(unknown module)"))
1631712209739	geckodriver	INFO	Listening on 127.0.0.1:36267
1631712210749	mozrunner::runner	INFO	Running command: "/usr/bin/firefox" "--marionette" "-foreground" "-no-remote" "-profile" "/tmp/rust_mozprofileSWlePV"
[GFX1-]: glxtest: libpci missing
[GFX1-]: No GPUs detected via PCI
1631712212252	Marionette	INFO	Marionette enabled
console.warn: SearchSettings: "get: No settings file exists, new profile?" (new Error("", "(unknown module)"))
1631712221478	Marionette	INFO	Listening on port 35155
1631712221629	Marionette	WARN	TLS certificate errors will be ignored for this session
1631712498331	geckodriver	INFO	Listening on 127.0.0.1:41407
1631712499227	mozrunner::runner	INFO	Running command: "/usr/bin/firefox" "--marionette" "-foreground" "-no-remote" "-profile" "/tmp/rust_mozprofilePEkrid"
[GFX1-]: glxtest: libpci missing
[GFX1-]: No GPUs detected via PCI
1631712507900	Marionette	INFO	Marionette enabled
console.warn: SearchSettings: "get: No settings file exists, new profile?" (new Error("", "(unknown module)"))
1631712520451	geckodriver	INFO	Listening on 127.0.0.1:58991
1631712521454	mozrunner::runner	INFO	Running command: "/usr/bin/firefox" "--marionette" "-foreground" "-no-remote" "-profile" "/tmp/rust_mozprofileR3j1wS"
[GFX1-]: glxtest: libpci missing
[GFX1-]: No GPUs detected via PCI
1631712522914	Marionette	INFO	Marionette enabled
console.warn: SearchSettings: "get: No settings file exists, new profile?" (new Error("", "(unknown module)"))
1631712531331	Marionette	INFO	Listening on port 39911
1631712531493	Marionette	WARN	TLS certificate errors will be ignored for this session
console.log: WebExtensions: reset-default-search: starting.
console.log: WebExtensions: reset-default-search: No addons in our list are installed.
1631713340130	geckodriver	INFO	Listening on 127.0.0.1:55433
1631713341066	mozrunner::runner	INFO	Running command: "/usr/bin/firefox" "--marionette" "-foreground" "-no-remote" "-profile" "/tmp/rust_mozprofileUBeAhP"
[GFX1-]: glxtest: libpci missing
[GFX1-]: No GPUs detected via PCI
1631713344913	Marionette	INFO	Marionette enabled
console.warn: SearchSettings: "get: No settings file exists, new profile?" (new Error("", "(unknown module)"))
1631713354619	Marionette	INFO	Listening on port 38521
1631713354823	Marionette	WARN	TLS certificate errors will be ignored for this session
1631713545503	geckodriver	INFO	Listening on 127.0.0.1:60911
1631713546474	mozrunner::runner	INFO	Running command: "/usr/bin/firefox" "--marionette" "-foreground" "-no-remote" "-profile" "/tmp/rust_mozprofilePhK6Hn"
[GFX1-]: glxtest: libpci missing
[GFX1-]: No GPUs detected via PCI
1631713548984	Marionette	INFO	Marionette enabled
console.warn: SearchSettings: "get: No settings file exists, new profile?" (new Error("", "(unknown module)"))
1631713557777	Marionette	INFO	Listening on port 37677
1631713557954	Marionette	WARN	TLS certificate errors will be ignored for this session
1631713740182	geckodriver	INFO	Listening on 127.0.0.1:33607
1631713741172	mozrunner::runner	INFO	Running command: "/usr/bin/firefox" "--marionette" "-foreground" "-no-remote" "-profile" "/tmp/rust_mozprofilefmYpfC"
[GFX1-]: glxtest: libpci missing
[GFX1-]: No GPUs detected via PCI
1631713744172	Marionette	INFO	Marionette enabled
console.warn: SearchSettings: "get: No settings file exists, new profile?" (new Error("", "(unknown module)"))
1631713754028	Marionette	INFO	Listening on port 44563
1631713754188	Marionette	WARN	TLS certificate errors will be ignored for this session
1631713977657	geckodriver	INFO	Listening on 127.0.0.1:44435
1631713978610	mozrunner::runner	INFO	Running command: "/usr/bin/firefox" "--marionette" "-foreground" "-no-remote" "-profile" "/tmp/rust_mozprofile4yXP4Y"
[GFX1-]: glxtest: libpci missing
[GFX1-]: No GPUs detected via PCI
1631713982794	Marionette	INFO	Marionette enabled
console.warn: SearchSettings: "get: No settings file exists, new profile?" (new Error("", "(unknown module)"))
1631713992421	Marionette	INFO	Listening on port 38853
1631713992624	Marionette	WARN	TLS certificate errors will be ignored for this session
1631714047746	geckodriver	INFO	Listening on 127.0.0.1:33509
1631714048620	mozrunner::runner	INFO	Running command: "/usr/bin/firefox" "--marionette" "-foreground" "-no-remote" "-profile" "/tmp/rust_mozprofileQQbZ5t"
[GFX1-]: glxtest: libpci missing
[GFX1-]: No GPUs detected via PCI
1631714053433	Marionette	INFO	Marionette enabled
console.warn: SearchSettings: "get: No settings file exists, new profile?" (new Error("", "(unknown module)"))
1631714063115	Marionette	INFO	Listening on port 36963
1631714063233	Marionette	WARN	TLS certificate errors will be ignored for this session
1631714084049	geckodriver	INFO	Listening on 127.0.0.1:35249
1631714085057	mozrunner::runner	INFO	Running command: "/usr/bin/firefox" "--marionette" "-foreground" "-no-remote" "-profile" "/tmp/rust_mozprofile4tSI1d"
[GFX1-]: glxtest: libpci missing
[GFX1-]: No GPUs detected via PCI
1631714087411	Marionette	INFO	Marionette enabled
console.warn: SearchSettings: "get: No settings file exists, new profile?" (new Error("", "(unknown module)"))
1631714096537	Marionette	INFO	Listening on port 39437
1631714096641	Marionette	WARN	TLS certificate errors will be ignored for this session
1631714133514	geckodriver	INFO	Listening on 127.0.0.1:34475
1631714134451	mozrunner::runner	INFO	Running command: "/usr/bin/firefox" "--marionette" "-foreground" "-no-remote" "-profile" "/tmp/rust_mozprofile8rtCfI"
[GFX1-]: glxtest: libpci missing
[GFX1-]: No GPUs detected via PCI
1631714140127	Marionette	INFO	Marionette enabled
console.warn: SearchSettings: "get: No settings file exists, new profile?" (new Error("", "(unknown module)"))
1631714148888	Marionette	INFO	Listening on port 44035
1631714149015	Marionette	WARN	TLS certificate errors will be ignored for this session
1631714200385	geckodriver	INFO	Listening on 127.0.0.1:32805
1631714201284	mozrunner::runner	INFO	Running command: "/usr/bin/firefox" "--marionette" "-foreground" "-no-remote" "-profile" "/tmp/rust_mozprofileyN7xkC"
[GFX1-]: glxtest: libpci missing
[GFX1-]: No GPUs detected via PCI
1631714205098	Marionette	INFO	Marionette enabled
console.warn: SearchSettings: "get: No settings file exists, new profile?" (new Error("", "(unknown module)"))
1631714215152	Marionette	INFO	Listening on port 33565
1631714215326	Marionette	WARN	TLS certificate errors will be ignored for this session
1631714251282	geckodriver	INFO	Listening on 127.0.0.1:45049
1631714252288	mozrunner::runner	INFO	Running command: "/usr/bin/firefox" "--marionette" "-foreground" "-no-remote" "-profile" "/tmp/rust_mozprofileVsS7m3"
[GFX1-]: glxtest: libpci missing
[GFX1-]: No GPUs detected via PCI
1631714255173	Marionette	INFO	Marionette enabled
console.warn: SearchSettings: "get: No settings file exists, new profile?" (new Error("", "(unknown module)"))
1631714264730	Marionette	INFO	Listening on port 33881
1631714264812	Marionette	WARN	TLS certificate errors will be ignored for this session
1631714300838	geckodriver	INFO	Listening on 127.0.0.1:58269
1631714301826	mozrunner::runner	INFO	Running command: "/usr/bin/firefox" "--marionette" "-foreground" "-no-remote" "-profile" "/tmp/rust_mozprofileJXyBDN"
[GFX1-]: glxtest: libpci missing
[GFX1-]: No GPUs detected via PCI
1631714305690	Marionette	INFO	Marionette enabled
console.warn: SearchSettings: "get: No settings file exists, new profile?" (new Error("", "(unknown module)"))
1631714315132	Marionette	INFO	Listening on port 44775
1631714315326	Marionette	WARN	TLS certificate errors will be ignored for this session
console.log: WebExtensions: reset-default-search: starting.
console.log: WebExtensions: reset-default-search: No addons in our list are installed.
1631718550944	geckodriver	INFO	Listening on 127.0.0.1:51735
1631718551828	mozrunner::runner	INFO	Running command: "/usr/bin/firefox" "--marionette" "-foreground" "-no-remote" "-profile" "/tmp/rust_mozprofilejm0Eue"
[GFX1-]: glxtest: libpci missing
[GFX1-]: No GPUs detected via PCI
1631718554863	Marionette	INFO	Marionette enabled
console.warn: SearchSettings: "get: No settings file exists, new profile?" (new Error("", "(unknown module)"))
1631718564466	Marionette	INFO	Listening on port 34519
1631718564632	Marionette	WARN	TLS certificate errors will be ignored for this session
1631718601899	geckodriver	INFO	Listening on 127.0.0.1:47233
1631718601907	mozrunner::runner	INFO	Running command: "/usr/bin/firefox" "--marionette" "-foreground" "-no-remote" "-profile" "/tmp/rust_mozprofiletQutRX"
[GFX1-]: glxtest: libpci missing
[GFX1-]: No GPUs detected via PCI
1631718604424	Marionette	INFO	Marionette enabled
